[2013-04-28 19:14:57.231] [ERROR] syslog - 500: [Error: Ganz schlimmer Fehler]
Error: Ganz schlimmer Fehler
    at pub.index (C:\Users\Timo Liebetrau\WebstormProjects\baboon\examples\example_2\routes\index.js:9:15)
    at callbacks (C:\Users\Timo Liebetrau\WebstormProjects\baboon\node_modules\express\lib\router\index.js:161:37)
    at param (C:\Users\Timo Liebetrau\WebstormProjects\baboon\node_modules\express\lib\router\index.js:135:11)
    at pass (C:\Users\Timo Liebetrau\WebstormProjects\baboon\node_modules\express\lib\router\index.js:142:5)
    at Router._dispatch (C:\Users\Timo Liebetrau\WebstormProjects\baboon\node_modules\express\lib\router\index.js:170:5)
    at Object.router (C:\Users\Timo Liebetrau\WebstormProjects\baboon\node_modules\express\lib\router\index.js:33:10)
    at next (C:\Users\Timo Liebetrau\WebstormProjects\baboon\node_modules\express\node_modules\connect\lib\proto.js:190:15)
    at Object.pub.context [as handle] (C:\Users\Timo Liebetrau\WebstormProjects\baboon\lib\middleware\site.js:26:9)
    at next (C:\Users\Timo Liebetrau\WebstormProjects\baboon\node_modules\express\node_modules\connect\lib\proto.js:190:15)
    at Object.pub.sessionExists [as handle] (C:\Users\Timo Liebetrau\WebstormProjects\baboon\lib\middleware\auth.js:49:9)
[2013-04-28 19:14:57.410] [ERROR] syslog - 500: [Error: Ganz schlimmer Fehler]
Error: Ganz schlimmer Fehler
    at pub.index (C:\Users\Timo Liebetrau\WebstormProjects\baboon\examples\example_2\routes\index.js:9:15)
    at callbacks (C:\Users\Timo Liebetrau\WebstormProjects\baboon\node_modules\express\lib\router\index.js:161:37)
    at param (C:\Users\Timo Liebetrau\WebstormProjects\baboon\node_modules\express\lib\router\index.js:135:11)
    at pass (C:\Users\Timo Liebetrau\WebstormProjects\baboon\node_modules\express\lib\router\index.js:142:5)
    at Router._dispatch (C:\Users\Timo Liebetrau\WebstormProjects\baboon\node_modules\express\lib\router\index.js:170:5)
    at Object.router (C:\Users\Timo Liebetrau\WebstormProjects\baboon\node_modules\express\lib\router\index.js:33:10)
    at next (C:\Users\Timo Liebetrau\WebstormProjects\baboon\node_modules\express\node_modules\connect\lib\proto.js:190:15)
    at Object.pub.context [as handle] (C:\Users\Timo Liebetrau\WebstormProjects\baboon\lib\middleware\site.js:26:9)
    at next (C:\Users\Timo Liebetrau\WebstormProjects\baboon\node_modules\express\node_modules\connect\lib\proto.js:190:15)
    at Object.pub.sessionExists [as handle] (C:\Users\Timo Liebetrau\WebstormProjects\baboon\lib\middleware\auth.js:49:9)
[2013-04-28 19:14:57.601] [ERROR] syslog - 500: [Error: Ganz schlimmer Fehler]
Error: Ganz schlimmer Fehler
    at pub.index (C:\Users\Timo Liebetrau\WebstormProjects\baboon\examples\example_2\routes\index.js:9:15)
    at callbacks (C:\Users\Timo Liebetrau\WebstormProjects\baboon\node_modules\express\lib\router\index.js:161:37)
    at param (C:\Users\Timo Liebetrau\WebstormProjects\baboon\node_modules\express\lib\router\index.js:135:11)
    at pass (C:\Users\Timo Liebetrau\WebstormProjects\baboon\node_modules\express\lib\router\index.js:142:5)
    at Router._dispatch (C:\Users\Timo Liebetrau\WebstormProjects\baboon\node_modules\express\lib\router\index.js:170:5)
    at Object.router (C:\Users\Timo Liebetrau\WebstormProjects\baboon\node_modules\express\lib\router\index.js:33:10)
    at next (C:\Users\Timo Liebetrau\WebstormProjects\baboon\node_modules\express\node_modules\connect\lib\proto.js:190:15)
    at Object.pub.context [as handle] (C:\Users\Timo Liebetrau\WebstormProjects\baboon\lib\middleware\site.js:26:9)
    at next (C:\Users\Timo Liebetrau\WebstormProjects\baboon\node_modules\express\node_modules\connect\lib\proto.js:190:15)
    at Object.pub.sessionExists [as handle] (C:\Users\Timo Liebetrau\WebstormProjects\baboon\lib\middleware\auth.js:49:9)
[2013-04-28 19:14:57.795] [ERROR] syslog - 500: [Error: Ganz schlimmer Fehler]
Error: Ganz schlimmer Fehler
    at pub.index (C:\Users\Timo Liebetrau\WebstormProjects\baboon\examples\example_2\routes\index.js:9:15)
    at callbacks (C:\Users\Timo Liebetrau\WebstormProjects\baboon\node_modules\express\lib\router\index.js:161:37)
    at param (C:\Users\Timo Liebetrau\WebstormProjects\baboon\node_modules\express\lib\router\index.js:135:11)
    at pass (C:\Users\Timo Liebetrau\WebstormProjects\baboon\node_modules\express\lib\router\index.js:142:5)
    at Router._dispatch (C:\Users\Timo Liebetrau\WebstormProjects\baboon\node_modules\express\lib\router\index.js:170:5)
    at Object.router (C:\Users\Timo Liebetrau\WebstormProjects\baboon\node_modules\express\lib\router\index.js:33:10)
    at next (C:\Users\Timo Liebetrau\WebstormProjects\baboon\node_modules\express\node_modules\connect\lib\proto.js:190:15)
    at Object.pub.context [as handle] (C:\Users\Timo Liebetrau\WebstormProjects\baboon\lib\middleware\site.js:26:9)
    at next (C:\Users\Timo Liebetrau\WebstormProjects\baboon\node_modules\express\node_modules\connect\lib\proto.js:190:15)
    at Object.pub.sessionExists [as handle] (C:\Users\Timo Liebetrau\WebstormProjects\baboon\lib\middleware\auth.js:49:9)
[2013-04-28 19:14:57.996] [ERROR] syslog - 500: [Error: Ganz schlimmer Fehler]
Error: Ganz schlimmer Fehler
    at pub.index (C:\Users\Timo Liebetrau\WebstormProjects\baboon\examples\example_2\routes\index.js:9:15)
    at callbacks (C:\Users\Timo Liebetrau\WebstormProjects\baboon\node_modules\express\lib\router\index.js:161:37)
    at param (C:\Users\Timo Liebetrau\WebstormProjects\baboon\node_modules\express\lib\router\index.js:135:11)
    at pass (C:\Users\Timo Liebetrau\WebstormProjects\baboon\node_modules\express\lib\router\index.js:142:5)
    at Router._dispatch (C:\Users\Timo Liebetrau\WebstormProjects\baboon\node_modules\express\lib\router\index.js:170:5)
    at Object.router (C:\Users\Timo Liebetrau\WebstormProjects\baboon\node_modules\express\lib\router\index.js:33:10)
    at next (C:\Users\Timo Liebetrau\WebstormProjects\baboon\node_modules\express\node_modules\connect\lib\proto.js:190:15)
    at Object.pub.context [as handle] (C:\Users\Timo Liebetrau\WebstormProjects\baboon\lib\middleware\site.js:26:9)
    at next (C:\Users\Timo Liebetrau\WebstormProjects\baboon\node_modules\express\node_modules\connect\lib\proto.js:190:15)
    at Object.pub.sessionExists [as handle] (C:\Users\Timo Liebetrau\WebstormProjects\baboon\lib\middleware\auth.js:49:9)
[2013-04-28 19:14:58.198] [ERROR] syslog - 500: [Error: Ganz schlimmer Fehler]
Error: Ganz schlimmer Fehler
    at pub.index (C:\Users\Timo Liebetrau\WebstormProjects\baboon\examples\example_2\routes\index.js:9:15)
    at callbacks (C:\Users\Timo Liebetrau\WebstormProjects\baboon\node_modules\express\lib\router\index.js:161:37)
    at param (C:\Users\Timo Liebetrau\WebstormProjects\baboon\node_modules\express\lib\router\index.js:135:11)
    at pass (C:\Users\Timo Liebetrau\WebstormProjects\baboon\node_modules\express\lib\router\index.js:142:5)
    at Router._dispatch (C:\Users\Timo Liebetrau\WebstormProjects\baboon\node_modules\express\lib\router\index.js:170:5)
    at Object.router (C:\Users\Timo Liebetrau\WebstormProjects\baboon\node_modules\express\lib\router\index.js:33:10)
    at next (C:\Users\Timo Liebetrau\WebstormProjects\baboon\node_modules\express\node_modules\connect\lib\proto.js:190:15)
    at Object.pub.context [as handle] (C:\Users\Timo Liebetrau\WebstormProjects\baboon\lib\middleware\site.js:26:9)
    at next (C:\Users\Timo Liebetrau\WebstormProjects\baboon\node_modules\express\node_modules\connect\lib\proto.js:190:15)
    at Object.pub.sessionExists [as handle] (C:\Users\Timo Liebetrau\WebstormProjects\baboon\lib\middleware\auth.js:49:9)
[2013-04-28 19:14:58.395] [ERROR] syslog - 500: [Error: Ganz schlimmer Fehler]
Error: Ganz schlimmer Fehler
    at pub.index (C:\Users\Timo Liebetrau\WebstormProjects\baboon\examples\example_2\routes\index.js:9:15)
    at callbacks (C:\Users\Timo Liebetrau\WebstormProjects\baboon\node_modules\express\lib\router\index.js:161:37)
    at param (C:\Users\Timo Liebetrau\WebstormProjects\baboon\node_modules\express\lib\router\index.js:135:11)
    at pass (C:\Users\Timo Liebetrau\WebstormProjects\baboon\node_modules\express\lib\router\index.js:142:5)
    at Router._dispatch (C:\Users\Timo Liebetrau\WebstormProjects\baboon\node_modules\express\lib\router\index.js:170:5)
    at Object.router (C:\Users\Timo Liebetrau\WebstormProjects\baboon\node_modules\express\lib\router\index.js:33:10)
    at next (C:\Users\Timo Liebetrau\WebstormProjects\baboon\node_modules\express\node_modules\connect\lib\proto.js:190:15)
    at Object.pub.context [as handle] (C:\Users\Timo Liebetrau\WebstormProjects\baboon\lib\middleware\site.js:26:9)
    at next (C:\Users\Timo Liebetrau\WebstormProjects\baboon\node_modules\express\node_modules\connect\lib\proto.js:190:15)
    at Object.pub.sessionExists [as handle] (C:\Users\Timo Liebetrau\WebstormProjects\baboon\lib\middleware\auth.js:49:9)
[2013-04-28 19:14:58.593] [ERROR] syslog - 500: [Error: Ganz schlimmer Fehler]
Error: Ganz schlimmer Fehler
    at pub.index (C:\Users\Timo Liebetrau\WebstormProjects\baboon\examples\example_2\routes\index.js:9:15)
    at callbacks (C:\Users\Timo Liebetrau\WebstormProjects\baboon\node_modules\express\lib\router\index.js:161:37)
    at param (C:\Users\Timo Liebetrau\WebstormProjects\baboon\node_modules\express\lib\router\index.js:135:11)
    at pass (C:\Users\Timo Liebetrau\WebstormProjects\baboon\node_modules\express\lib\router\index.js:142:5)
    at Router._dispatch (C:\Users\Timo Liebetrau\WebstormProjects\baboon\node_modules\express\lib\router\index.js:170:5)
    at Object.router (C:\Users\Timo Liebetrau\WebstormProjects\baboon\node_modules\express\lib\router\index.js:33:10)
    at next (C:\Users\Timo Liebetrau\WebstormProjects\baboon\node_modules\express\node_modules\connect\lib\proto.js:190:15)
    at Object.pub.context [as handle] (C:\Users\Timo Liebetrau\WebstormProjects\baboon\lib\middleware\site.js:26:9)
    at next (C:\Users\Timo Liebetrau\WebstormProjects\baboon\node_modules\express\node_modules\connect\lib\proto.js:190:15)
    at Object.pub.sessionExists [as handle] (C:\Users\Timo Liebetrau\WebstormProjects\baboon\lib\middleware\auth.js:49:9)
[2013-04-28 19:15:02.860] [ERROR] syslog - 500: [Error: Ganz schlimmer Fehler]
Error: Ganz schlimmer Fehler
    at pub.index (C:\Users\Timo Liebetrau\WebstormProjects\baboon\examples\example_2\routes\index.js:9:15)
    at callbacks (C:\Users\Timo Liebetrau\WebstormProjects\baboon\node_modules\express\lib\router\index.js:161:37)
    at param (C:\Users\Timo Liebetrau\WebstormProjects\baboon\node_modules\express\lib\router\index.js:135:11)
    at pass (C:\Users\Timo Liebetrau\WebstormProjects\baboon\node_modules\express\lib\router\index.js:142:5)
    at Router._dispatch (C:\Users\Timo Liebetrau\WebstormProjects\baboon\node_modules\express\lib\router\index.js:170:5)
    at Object.router (C:\Users\Timo Liebetrau\WebstormProjects\baboon\node_modules\express\lib\router\index.js:33:10)
    at next (C:\Users\Timo Liebetrau\WebstormProjects\baboon\node_modules\express\node_modules\connect\lib\proto.js:190:15)
    at Object.pub.context [as handle] (C:\Users\Timo Liebetrau\WebstormProjects\baboon\lib\middleware\site.js:26:9)
    at next (C:\Users\Timo Liebetrau\WebstormProjects\baboon\node_modules\express\node_modules\connect\lib\proto.js:190:15)
    at Object.pub.sessionExists [as handle] (C:\Users\Timo Liebetrau\WebstormProjects\baboon\lib\middleware\auth.js:49:9)
[2013-04-28 19:15:03.047] [ERROR] syslog - 500: [Error: Ganz schlimmer Fehler]
Error: Ganz schlimmer Fehler
    at pub.index (C:\Users\Timo Liebetrau\WebstormProjects\baboon\examples\example_2\routes\index.js:9:15)
    at callbacks (C:\Users\Timo Liebetrau\WebstormProjects\baboon\node_modules\express\lib\router\index.js:161:37)
    at param (C:\Users\Timo Liebetrau\WebstormProjects\baboon\node_modules\express\lib\router\index.js:135:11)
    at pass (C:\Users\Timo Liebetrau\WebstormProjects\baboon\node_modules\express\lib\router\index.js:142:5)
    at Router._dispatch (C:\Users\Timo Liebetrau\WebstormProjects\baboon\node_modules\express\lib\router\index.js:170:5)
    at Object.router (C:\Users\Timo Liebetrau\WebstormProjects\baboon\node_modules\express\lib\router\index.js:33:10)
    at next (C:\Users\Timo Liebetrau\WebstormProjects\baboon\node_modules\express\node_modules\connect\lib\proto.js:190:15)
    at Object.pub.context [as handle] (C:\Users\Timo Liebetrau\WebstormProjects\baboon\lib\middleware\site.js:26:9)
    at next (C:\Users\Timo Liebetrau\WebstormProjects\baboon\node_modules\express\node_modules\connect\lib\proto.js:190:15)
    at Object.pub.sessionExists [as handle] (C:\Users\Timo Liebetrau\WebstormProjects\baboon\lib\middleware\auth.js:49:9)
[2013-04-28 19:15:03.250] [ERROR] syslog - 500: [Error: Ganz schlimmer Fehler]
Error: Ganz schlimmer Fehler
    at pub.index (C:\Users\Timo Liebetrau\WebstormProjects\baboon\examples\example_2\routes\index.js:9:15)
    at callbacks (C:\Users\Timo Liebetrau\WebstormProjects\baboon\node_modules\express\lib\router\index.js:161:37)
    at param (C:\Users\Timo Liebetrau\WebstormProjects\baboon\node_modules\express\lib\router\index.js:135:11)
    at pass (C:\Users\Timo Liebetrau\WebstormProjects\baboon\node_modules\express\lib\router\index.js:142:5)
    at Router._dispatch (C:\Users\Timo Liebetrau\WebstormProjects\baboon\node_modules\express\lib\router\index.js:170:5)
    at Object.router (C:\Users\Timo Liebetrau\WebstormProjects\baboon\node_modules\express\lib\router\index.js:33:10)
    at next (C:\Users\Timo Liebetrau\WebstormProjects\baboon\node_modules\express\node_modules\connect\lib\proto.js:190:15)
    at Object.pub.context [as handle] (C:\Users\Timo Liebetrau\WebstormProjects\baboon\lib\middleware\site.js:26:9)
    at next (C:\Users\Timo Liebetrau\WebstormProjects\baboon\node_modules\express\node_modules\connect\lib\proto.js:190:15)
    at Object.pub.sessionExists [as handle] (C:\Users\Timo Liebetrau\WebstormProjects\baboon\lib\middleware\auth.js:49:9)
[2013-04-28 19:15:03.429] [ERROR] syslog - 500: [Error: Ganz schlimmer Fehler]
Error: Ganz schlimmer Fehler
    at pub.index (C:\Users\Timo Liebetrau\WebstormProjects\baboon\examples\example_2\routes\index.js:9:15)
    at callbacks (C:\Users\Timo Liebetrau\WebstormProjects\baboon\node_modules\express\lib\router\index.js:161:37)
    at param (C:\Users\Timo Liebetrau\WebstormProjects\baboon\node_modules\express\lib\router\index.js:135:11)
    at pass (C:\Users\Timo Liebetrau\WebstormProjects\baboon\node_modules\express\lib\router\index.js:142:5)
    at Router._dispatch (C:\Users\Timo Liebetrau\WebstormProjects\baboon\node_modules\express\lib\router\index.js:170:5)
    at Object.router (C:\Users\Timo Liebetrau\WebstormProjects\baboon\node_modules\express\lib\router\index.js:33:10)
    at next (C:\Users\Timo Liebetrau\WebstormProjects\baboon\node_modules\express\node_modules\connect\lib\proto.js:190:15)
    at Object.pub.context [as handle] (C:\Users\Timo Liebetrau\WebstormProjects\baboon\lib\middleware\site.js:26:9)
    at next (C:\Users\Timo Liebetrau\WebstormProjects\baboon\node_modules\express\node_modules\connect\lib\proto.js:190:15)
    at Object.pub.sessionExists [as handle] (C:\Users\Timo Liebetrau\WebstormProjects\baboon\lib\middleware\auth.js:49:9)
[2013-04-28 19:15:03.609] [ERROR] syslog - 500: [Error: Ganz schlimmer Fehler]
Error: Ganz schlimmer Fehler
    at pub.index (C:\Users\Timo Liebetrau\WebstormProjects\baboon\examples\example_2\routes\index.js:9:15)
    at callbacks (C:\Users\Timo Liebetrau\WebstormProjects\baboon\node_modules\express\lib\router\index.js:161:37)
    at param (C:\Users\Timo Liebetrau\WebstormProjects\baboon\node_modules\express\lib\router\index.js:135:11)
    at pass (C:\Users\Timo Liebetrau\WebstormProjects\baboon\node_modules\express\lib\router\index.js:142:5)
    at Router._dispatch (C:\Users\Timo Liebetrau\WebstormProjects\baboon\node_modules\express\lib\router\index.js:170:5)
    at Object.router (C:\Users\Timo Liebetrau\WebstormProjects\baboon\node_modules\express\lib\router\index.js:33:10)
    at next (C:\Users\Timo Liebetrau\WebstormProjects\baboon\node_modules\express\node_modules\connect\lib\proto.js:190:15)
    at Object.pub.context [as handle] (C:\Users\Timo Liebetrau\WebstormProjects\baboon\lib\middleware\site.js:26:9)
    at next (C:\Users\Timo Liebetrau\WebstormProjects\baboon\node_modules\express\node_modules\connect\lib\proto.js:190:15)
    at Object.pub.sessionExists [as handle] (C:\Users\Timo Liebetrau\WebstormProjects\baboon\lib\middleware\auth.js:49:9)
[2013-04-28 19:15:03.778] [ERROR] syslog - 500: [Error: Ganz schlimmer Fehler]
Error: Ganz schlimmer Fehler
    at pub.index (C:\Users\Timo Liebetrau\WebstormProjects\baboon\examples\example_2\routes\index.js:9:15)
    at callbacks (C:\Users\Timo Liebetrau\WebstormProjects\baboon\node_modules\express\lib\router\index.js:161:37)
    at param (C:\Users\Timo Liebetrau\WebstormProjects\baboon\node_modules\express\lib\router\index.js:135:11)
    at pass (C:\Users\Timo Liebetrau\WebstormProjects\baboon\node_modules\express\lib\router\index.js:142:5)
    at Router._dispatch (C:\Users\Timo Liebetrau\WebstormProjects\baboon\node_modules\express\lib\router\index.js:170:5)
    at Object.router (C:\Users\Timo Liebetrau\WebstormProjects\baboon\node_modules\express\lib\router\index.js:33:10)
    at next (C:\Users\Timo Liebetrau\WebstormProjects\baboon\node_modules\express\node_modules\connect\lib\proto.js:190:15)
    at Object.pub.context [as handle] (C:\Users\Timo Liebetrau\WebstormProjects\baboon\lib\middleware\site.js:26:9)
    at next (C:\Users\Timo Liebetrau\WebstormProjects\baboon\node_modules\express\node_modules\connect\lib\proto.js:190:15)
    at Object.pub.sessionExists [as handle] (C:\Users\Timo Liebetrau\WebstormProjects\baboon\lib\middleware\auth.js:49:9)
[2013-04-28 19:15:03.969] [ERROR] syslog - 500: [Error: Ganz schlimmer Fehler]
Error: Ganz schlimmer Fehler
    at pub.index (C:\Users\Timo Liebetrau\WebstormProjects\baboon\examples\example_2\routes\index.js:9:15)
    at callbacks (C:\Users\Timo Liebetrau\WebstormProjects\baboon\node_modules\express\lib\router\index.js:161:37)
    at param (C:\Users\Timo Liebetrau\WebstormProjects\baboon\node_modules\express\lib\router\index.js:135:11)
    at pass (C:\Users\Timo Liebetrau\WebstormProjects\baboon\node_modules\express\lib\router\index.js:142:5)
    at Router._dispatch (C:\Users\Timo Liebetrau\WebstormProjects\baboon\node_modules\express\lib\router\index.js:170:5)
    at Object.router (C:\Users\Timo Liebetrau\WebstormProjects\baboon\node_modules\express\lib\router\index.js:33:10)
    at next (C:\Users\Timo Liebetrau\WebstormProjects\baboon\node_modules\express\node_modules\connect\lib\proto.js:190:15)
    at Object.pub.context [as handle] (C:\Users\Timo Liebetrau\WebstormProjects\baboon\lib\middleware\site.js:26:9)
    at next (C:\Users\Timo Liebetrau\WebstormProjects\baboon\node_modules\express\node_modules\connect\lib\proto.js:190:15)
    at Object.pub.sessionExists [as handle] (C:\Users\Timo Liebetrau\WebstormProjects\baboon\lib\middleware\auth.js:49:9)
[2013-04-28 19:15:04.138] [ERROR] syslog - 500: [Error: Ganz schlimmer Fehler]
Error: Ganz schlimmer Fehler
    at pub.index (C:\Users\Timo Liebetrau\WebstormProjects\baboon\examples\example_2\routes\index.js:9:15)
    at callbacks (C:\Users\Timo Liebetrau\WebstormProjects\baboon\node_modules\express\lib\router\index.js:161:37)
    at param (C:\Users\Timo Liebetrau\WebstormProjects\baboon\node_modules\express\lib\router\index.js:135:11)
    at pass (C:\Users\Timo Liebetrau\WebstormProjects\baboon\node_modules\express\lib\router\index.js:142:5)
    at Router._dispatch (C:\Users\Timo Liebetrau\WebstormProjects\baboon\node_modules\express\lib\router\index.js:170:5)
    at Object.router (C:\Users\Timo Liebetrau\WebstormProjects\baboon\node_modules\express\lib\router\index.js:33:10)
    at next (C:\Users\Timo Liebetrau\WebstormProjects\baboon\node_modules\express\node_modules\connect\lib\proto.js:190:15)
    at Object.pub.context [as handle] (C:\Users\Timo Liebetrau\WebstormProjects\baboon\lib\middleware\site.js:26:9)
    at next (C:\Users\Timo Liebetrau\WebstormProjects\baboon\node_modules\express\node_modules\connect\lib\proto.js:190:15)
    at Object.pub.sessionExists [as handle] (C:\Users\Timo Liebetrau\WebstormProjects\baboon\lib\middleware\auth.js:49:9)
[2013-04-28 19:15:04.341] [ERROR] syslog - 500: [Error: Ganz schlimmer Fehler]
Error: Ganz schlimmer Fehler
    at pub.index (C:\Users\Timo Liebetrau\WebstormProjects\baboon\examples\example_2\routes\index.js:9:15)
    at callbacks (C:\Users\Timo Liebetrau\WebstormProjects\baboon\node_modules\express\lib\router\index.js:161:37)
    at param (C:\Users\Timo Liebetrau\WebstormProjects\baboon\node_modules\express\lib\router\index.js:135:11)
    at pass (C:\Users\Timo Liebetrau\WebstormProjects\baboon\node_modules\express\lib\router\index.js:142:5)
    at Router._dispatch (C:\Users\Timo Liebetrau\WebstormProjects\baboon\node_modules\express\lib\router\index.js:170:5)
    at Object.router (C:\Users\Timo Liebetrau\WebstormProjects\baboon\node_modules\express\lib\router\index.js:33:10)
    at next (C:\Users\Timo Liebetrau\WebstormProjects\baboon\node_modules\express\node_modules\connect\lib\proto.js:190:15)
    at Object.pub.context [as handle] (C:\Users\Timo Liebetrau\WebstormProjects\baboon\lib\middleware\site.js:26:9)
    at next (C:\Users\Timo Liebetrau\WebstormProjects\baboon\node_modules\express\node_modules\connect\lib\proto.js:190:15)
    at Object.pub.sessionExists [as handle] (C:\Users\Timo Liebetrau\WebstormProjects\baboon\lib\middleware\auth.js:49:9)
[2013-04-28 19:26:00.060] [INFO] syslog - application server has been started on: http://localhost:3000
[2013-04-28 19:26:00.067] [INFO] syslog - application server has been started in production mode
[2013-04-28 19:35:56.842] [INFO] syslog - application server has been started on: http://localhost:3000
[2013-04-28 19:35:56.850] [INFO] syslog - application server has been started in production mode
[2013-04-28 21:30:01.565] [ERROR] syslog - 500: [Error: Ganz schlimmer Fehler]
Error: Ganz schlimmer Fehler
    at pub.index (C:\Users\Timo Liebetrau\WebstormProjects\baboon\examples\example_2\routes\index.js:9:15)
    at callbacks (C:\Users\Timo Liebetrau\WebstormProjects\baboon\node_modules\express\lib\router\index.js:161:37)
    at param (C:\Users\Timo Liebetrau\WebstormProjects\baboon\node_modules\express\lib\router\index.js:135:11)
    at pass (C:\Users\Timo Liebetrau\WebstormProjects\baboon\node_modules\express\lib\router\index.js:142:5)
    at Router._dispatch (C:\Users\Timo Liebetrau\WebstormProjects\baboon\node_modules\express\lib\router\index.js:170:5)
    at Object.router (C:\Users\Timo Liebetrau\WebstormProjects\baboon\node_modules\express\lib\router\index.js:33:10)
    at next (C:\Users\Timo Liebetrau\WebstormProjects\baboon\node_modules\express\node_modules\connect\lib\proto.js:190:15)
    at Object.pub.context [as handle] (C:\Users\Timo Liebetrau\WebstormProjects\baboon\lib\middleware\site.js:26:9)
    at next (C:\Users\Timo Liebetrau\WebstormProjects\baboon\node_modules\express\node_modules\connect\lib\proto.js:190:15)
    at Object.pub.sessionExists [as handle] (C:\Users\Timo Liebetrau\WebstormProjects\baboon\lib\middleware\auth.js:49:9)
[2013-04-28 21:30:54.571] [ERROR] syslog - 500: [Error: Ganz schlimmer Fehler]
Error: Ganz schlimmer Fehler
    at pub.index (C:\Users\Timo Liebetrau\WebstormProjects\baboon\examples\example_2\routes\index.js:9:15)
    at callbacks (C:\Users\Timo Liebetrau\WebstormProjects\baboon\node_modules\express\lib\router\index.js:161:37)
    at param (C:\Users\Timo Liebetrau\WebstormProjects\baboon\node_modules\express\lib\router\index.js:135:11)
    at pass (C:\Users\Timo Liebetrau\WebstormProjects\baboon\node_modules\express\lib\router\index.js:142:5)
    at Router._dispatch (C:\Users\Timo Liebetrau\WebstormProjects\baboon\node_modules\express\lib\router\index.js:170:5)
    at Object.router (C:\Users\Timo Liebetrau\WebstormProjects\baboon\node_modules\express\lib\router\index.js:33:10)
    at next (C:\Users\Timo Liebetrau\WebstormProjects\baboon\node_modules\express\node_modules\connect\lib\proto.js:190:15)
    at Object.pub.context [as handle] (C:\Users\Timo Liebetrau\WebstormProjects\baboon\lib\middleware\site.js:26:9)
    at next (C:\Users\Timo Liebetrau\WebstormProjects\baboon\node_modules\express\node_modules\connect\lib\proto.js:190:15)
    at Object.pub.sessionExists [as handle] (C:\Users\Timo Liebetrau\WebstormProjects\baboon\lib\middleware\auth.js:49:9)
[2013-04-28 21:30:57.167] [ERROR] syslog - 500: [Error: Ganz schlimmer Fehler]
Error: Ganz schlimmer Fehler
    at pub.index (C:\Users\Timo Liebetrau\WebstormProjects\baboon\examples\example_2\routes\index.js:9:15)
    at callbacks (C:\Users\Timo Liebetrau\WebstormProjects\baboon\node_modules\express\lib\router\index.js:161:37)
    at param (C:\Users\Timo Liebetrau\WebstormProjects\baboon\node_modules\express\lib\router\index.js:135:11)
    at pass (C:\Users\Timo Liebetrau\WebstormProjects\baboon\node_modules\express\lib\router\index.js:142:5)
    at Router._dispatch (C:\Users\Timo Liebetrau\WebstormProjects\baboon\node_modules\express\lib\router\index.js:170:5)
    at Object.router (C:\Users\Timo Liebetrau\WebstormProjects\baboon\node_modules\express\lib\router\index.js:33:10)
    at next (C:\Users\Timo Liebetrau\WebstormProjects\baboon\node_modules\express\node_modules\connect\lib\proto.js:190:15)
    at Object.pub.context [as handle] (C:\Users\Timo Liebetrau\WebstormProjects\baboon\lib\middleware\site.js:26:9)
    at next (C:\Users\Timo Liebetrau\WebstormProjects\baboon\node_modules\express\node_modules\connect\lib\proto.js:190:15)
    at Object.pub.sessionExists [as handle] (C:\Users\Timo Liebetrau\WebstormProjects\baboon\lib\middleware\auth.js:49:9)
[2013-04-28 21:31:06.060] [INFO] syslog - application server has been started on: http://localhost:3000
[2013-04-28 21:31:06.082] [INFO] syslog - application server has been started in production mode
[2013-04-28 21:31:08.986] [ERROR] syslog - 500: [Error: Ganz schlimmer Fehler]
Error: Ganz schlimmer Fehler
    at pub.index (C:\Users\Timo Liebetrau\WebstormProjects\baboon\examples\example_2\routes\index.js:9:15)
    at callbacks (C:\Users\Timo Liebetrau\WebstormProjects\baboon\node_modules\express\lib\router\index.js:161:37)
    at param (C:\Users\Timo Liebetrau\WebstormProjects\baboon\node_modules\express\lib\router\index.js:135:11)
    at pass (C:\Users\Timo Liebetrau\WebstormProjects\baboon\node_modules\express\lib\router\index.js:142:5)
    at Router._dispatch (C:\Users\Timo Liebetrau\WebstormProjects\baboon\node_modules\express\lib\router\index.js:170:5)
    at Object.router (C:\Users\Timo Liebetrau\WebstormProjects\baboon\node_modules\express\lib\router\index.js:33:10)
    at next (C:\Users\Timo Liebetrau\WebstormProjects\baboon\node_modules\express\node_modules\connect\lib\proto.js:190:15)
    at Object.pub.context [as handle] (C:\Users\Timo Liebetrau\WebstormProjects\baboon\lib\middleware\site.js:26:9)
    at next (C:\Users\Timo Liebetrau\WebstormProjects\baboon\node_modules\express\node_modules\connect\lib\proto.js:190:15)
    at Object.pub.sessionExists [as handle] (C:\Users\Timo Liebetrau\WebstormProjects\baboon\lib\middleware\auth.js:49:9)
